d:\professional things\projects\advent2022\advent2022\debug\vc142.pdb
d:\professional things\projects\advent2022\advent2022\debug\vc142.idb
d:\professional things\projects\advent2022\advent2022\debug\utils.obj
d:\professional things\projects\advent2022\advent2022\debug\day2.obj
d:\professional things\projects\advent2022\advent2022\debug\day1.obj
d:\professional things\projects\advent2022\advent2022\debug\day3.obj
d:\professional things\projects\advent2022\advent2022\debug\day4.obj
d:\professional things\projects\advent2022\advent2022\debug\advent2022.obj
d:\professional things\projects\advent2022\debug\advent2022.exe
d:\professional things\projects\advent2022\advent2022\debug\advent2022.ilk
d:\professional things\projects\advent2022\debug\advent2022.pdb
d:\professional things\projects\advent2022\advent2022\debug\advent2022.tlog\cl.command.1.tlog
d:\professional things\projects\advent2022\advent2022\debug\advent2022.tlog\cl.read.1.tlog
d:\professional things\projects\advent2022\advent2022\debug\advent2022.tlog\cl.write.1.tlog
d:\professional things\projects\advent2022\advent2022\debug\advent2022.tlog\link-cvtres.read.1.tlog
d:\professional things\projects\advent2022\advent2022\debug\advent2022.tlog\link-cvtres.write.1.tlog
d:\professional things\projects\advent2022\advent2022\debug\advent2022.tlog\link-rc.read.1.tlog
d:\professional things\projects\advent2022\advent2022\debug\advent2022.tlog\link-rc.write.1.tlog
d:\professional things\projects\advent2022\advent2022\debug\advent2022.tlog\link.40200-cvtres.read.1.tlog
d:\professional things\projects\advent2022\advent2022\debug\advent2022.tlog\link.40200-cvtres.write.1.tlog
d:\professional things\projects\advent2022\advent2022\debug\advent2022.tlog\link.40200-rc.read.1.tlog
d:\professional things\projects\advent2022\advent2022\debug\advent2022.tlog\link.40200-rc.write.1.tlog
d:\professional things\projects\advent2022\advent2022\debug\advent2022.tlog\link.40200.read.1.tlog
d:\professional things\projects\advent2022\advent2022\debug\advent2022.tlog\link.40200.write.1.tlog
d:\professional things\projects\advent2022\advent2022\debug\advent2022.tlog\link.command.1.tlog
d:\professional things\projects\advent2022\advent2022\debug\advent2022.tlog\link.read.1.tlog
d:\professional things\projects\advent2022\advent2022\debug\advent2022.tlog\link.write.1.tlog
